Reading netlist file: "/home/tallguydesi/Documents/GitHub/FPGA_Audio_Streaming_Tang_Nano_9K/impl/gwsynthesis/USART.vg"
Parsing netlist file "/home/tallguydesi/Documents/GitHub/FPGA_Audio_Streaming_Tang_Nano_9K/impl/gwsynthesis/USART.vg" completed
Processing netlist completed
Reading constraint file: "/home/tallguydesi/Documents/GitHub/FPGA_Audio_Streaming_Tang_Nano_9K/src/tangnano9k.cst"
Physical Constraint parsed completed
Running placement......
[10%] Placement Phase 0 completed
[20%] Placement Phase 1 completed
[30%] Placement Phase 2 completed
[50%] Placement Phase 3 completed
Running routing......
[60%] Routing Phase 0 completed
[70%] Routing Phase 1 completed
[80%] Routing Phase 2 completed
[90%] Routing Phase 3 completed
Running timing analysis......
[95%] Timing analysis completed
Placement and routing completed
Bitstream generation in progress......
Bitstream generation completed
Running power analysis......
[100%] Power analysis completed
Generate file "/home/tallguydesi/Documents/GitHub/FPGA_Audio_Streaming_Tang_Nano_9K/impl/pnr/USART.power.html" completed
Generate file "/home/tallguydesi/Documents/GitHub/FPGA_Audio_Streaming_Tang_Nano_9K/impl/pnr/USART.pin.html" completed
Generate file "/home/tallguydesi/Documents/GitHub/FPGA_Audio_Streaming_Tang_Nano_9K/impl/pnr/USART.rpt.html" completed
Generate file "/home/tallguydesi/Documents/GitHub/FPGA_Audio_Streaming_Tang_Nano_9K/impl/pnr/USART.rpt.txt" completed
Generate file "/home/tallguydesi/Documents/GitHub/FPGA_Audio_Streaming_Tang_Nano_9K/impl/pnr/USART.tr.html" completed
Sat Aug  2 01:08:37 2025

